2024-12-05 23:33:00,291 - firewall_logger - INFO - Logging system initialized.
2024-12-05 23:33:00,293 - firewall_logger - INFO - Firewall system started.
2024-12-05 23:33:00,293 - firewall_logger - INFO - Starting Packet Filtering...
2024-12-05 23:33:00,297 - firewall_logger - INFO - Starting DDoS protection...
2024-12-05 23:33:00,300 - firewall_logger - INFO - Starting VPN protection...
2024-12-05 23:33:00,305 - firewall_logger - INFO - Starting Intrusion Detection System (IDS/IPS)...
2024-12-05 23:42:51,948 - firewall_logger - INFO - Logging system initialized.
2024-12-05 23:42:51,948 - firewall_logger - INFO - Firewall system started.
2024-12-05 23:42:51,948 - firewall_logger - INFO - Starting Packet Filtering...
2024-12-05 23:42:51,952 - firewall_logger - INFO - Starting DDoS protection...
2024-12-05 23:42:51,955 - firewall_logger - INFO - Starting VPN protection...
2024-12-05 23:42:51,958 - firewall_logger - INFO - Starting Intrusion Detection System (IDS/IPS)...
2024-12-05 23:44:52,897 - firewall_logger - INFO - Logging system initialized.
2024-12-05 23:44:52,898 - firewall_logger - INFO - Firewall system started.
2024-12-05 23:44:52,898 - firewall_logger - INFO - Starting Packet Filtering...
2024-12-05 23:44:52,900 - firewall_logger - INFO - Starting DDoS protection...
2024-12-05 23:44:52,902 - firewall_logger - INFO - Starting VPN protection...
2024-12-05 23:44:52,906 - firewall_logger - INFO - Starting Intrusion Detection System (IDS/IPS)...
2024-12-05 23:48:56,625 - firewall_logger - INFO - Logging system initialized.
2024-12-05 23:48:56,626 - firewall_logger - INFO - Firewall system started.
2024-12-05 23:48:56,627 - firewall_logger - INFO - Starting Packet Filtering...
2024-12-05 23:48:56,631 - firewall_logger - INFO - Starting DDoS protection...
2024-12-05 23:48:56,634 - firewall_logger - INFO - Starting VPN protection...
2024-12-05 23:48:56,641 - firewall_logger - INFO - Starting Intrusion Detection System (IDS/IPS)...
